<?xml version="1.0" encoding="UTF-8"?>
<testng-results skipped="0" failed="0" total="1" passed="1">
  <reporter-output>
  </reporter-output>
  <suite name="Default suite" duration-ms="21828" started-at="2022-02-13T22:00:44Z" finished-at="2022-02-13T22:01:06Z">
    <groups>
    </groups>
    <test name="Default test" duration-ms="21828" started-at="2022-02-13T22:00:44Z" finished-at="2022-02-13T22:01:06Z">
      <class name="com.app.SmokeTest">
        <test-method status="PASS" signature="springTestContextBeforeTestClass()[pri:0, instance:com.app.SmokeTest@c0c2f8d]" name="springTestContextBeforeTestClass" is-config="true" duration-ms="13" started-at="2022-02-14T03:30:44Z" finished-at="2022-02-14T03:30:44Z">
          <reporter-output>
          </reporter-output>
        </test-method> <!-- springTestContextBeforeTestClass -->
        <test-method status="PASS" signature="springTestContextPrepareTestInstance()[pri:0, instance:com.app.SmokeTest@c0c2f8d]" name="springTestContextPrepareTestInstance" is-config="true" duration-ms="11201" started-at="2022-02-14T03:30:44Z" depends-on-methods="org.springframework.test.context.testng.AbstractTestNGSpringContextTests.springTestContextBeforeTestClass" finished-at="2022-02-14T03:30:55Z">
          <reporter-output>
          </reporter-output>
        </test-method> <!-- springTestContextPrepareTestInstance -->
        <test-method status="PASS" signature="springTestContextBeforeTestMethod(java.lang.reflect.Method)[pri:0, instance:com.app.SmokeTest@c0c2f8d]" name="springTestContextBeforeTestMethod" is-config="true" duration-ms="4" started-at="2022-02-14T03:30:56Z" finished-at="2022-02-14T03:30:56Z">
          <params>
            <param index="0">
              <value>
                <![CDATA[public void com.app.SmokeTest.searchSeleniumGoogle(java.util.HashMap)]]>
              </value>
            </param>
          </params>
          <reporter-output>
          </reporter-output>
        </test-method> <!-- springTestContextBeforeTestMethod -->
        <test-method status="PASS" signature="setUp(java.lang.reflect.Method)[pri:0, instance:com.app.SmokeTest@c0c2f8d]" name="setUp" is-config="true" duration-ms="4321" started-at="2022-02-14T03:30:56Z" finished-at="2022-02-14T03:31:01Z">
          <params>
            <param index="0">
              <value>
                <![CDATA[public void com.app.SmokeTest.searchSeleniumGoogle(java.util.HashMap)]]>
              </value>
            </param>
          </params>
          <reporter-output>
          </reporter-output>
        </test-method> <!-- setUp -->
        <test-method status="PASS" signature="searchSeleniumGoogle(java.util.HashMap)[pri:0, instance:com.app.SmokeTest@c0c2f8d]" name="searchSeleniumGoogle" duration-ms="2658" started-at="2022-02-14T03:31:01Z" description="GEN-5025:Add Sell Transaction :Check Specified location account is invalid for subaccount" data-provider="ExcelTestDataDTO" finished-at="2022-02-14T03:31:03Z">
          <params>
            <param index="0">
              <value>
                <![CDATA[{COLUMN_14=, COLUMN_11=, SEARCH=, COLUMN_10=, COLUMN_13=, COLUMN_12=, RUN=Y, COLUMN_9=, COLUMN_6=, COLUMN_5=, COLUMN_8=, COLUMN_7=, COLUMN_4=, COLUMN_3=, TESTCASE_NAME=searchSeleniumGoogle}]]>
              </value>
            </param>
          </params>
          <reporter-output>
          </reporter-output>
        </test-method> <!-- searchSeleniumGoogle -->
        <test-method status="FAIL" signature="tearDown(java.lang.reflect.Method, org.testng.ITestResult)[pri:0, instance:com.app.SmokeTest@c0c2f8d]" name="tearDown" is-config="true" duration-ms="0" started-at="2022-02-14T03:31:03Z" finished-at="2022-02-14T03:31:03Z">
          <params>
            <param index="0">
              <value>
                <![CDATA[public void com.app.SmokeTest.searchSeleniumGoogle(java.util.HashMap)]]>
              </value>
            </param>
            <param index="1">
              <value>
                <![CDATA[[TestResult name=searchSeleniumGoogle status=SUCCESS method=SmokeTest.searchSeleniumGoogle(java.util.HashMap)[pri:0, instance:com.app.SmokeTest@c0c2f8d] output={null}]]]>
              </value>
            </param>
          </params>
          <exception class="org.openqa.selenium.NoSuchSessionException">
            <message>
              <![CDATA[Session ID is null. Using WebDriver after calling quit()?
Build info: version: '3.0.1', revision: '1969d75', time: '2016-10-18 09:49:13 -0700'
System info: host: 'DESKTOP-4523B8T', ip: '172.23.16.1', os.name: 'Windows 10', os.arch: 'amd64', os.version: '10.0', java.version: '1.8.0_291'
Driver info: driver.version: RemoteWebDriver]]>
            </message>
            <full-stacktrace>
              <![CDATA[org.openqa.selenium.NoSuchSessionException: Session ID is null. Using WebDriver after calling quit()?
Build info: version: '3.0.1', revision: '1969d75', time: '2016-10-18 09:49:13 -0700'
System info: host: 'DESKTOP-4523B8T', ip: '172.23.16.1', os.name: 'Windows 10', os.arch: 'amd64', os.version: '10.0', java.version: '1.8.0_291'
Driver info: driver.version: RemoteWebDriver
	at org.openqa.selenium.remote.HttpCommandExecutor.execute(HttpCommandExecutor.java:130)
	at org.openqa.selenium.remote.service.DriverCommandExecutor.execute(DriverCommandExecutor.java:82)
	at org.openqa.selenium.remote.RemoteWebDriver.execute(RemoteWebDriver.java:601)
	at org.openqa.selenium.remote.RemoteWebDriver.execute(RemoteWebDriver.java:658)
	at org.openqa.selenium.remote.RemoteWebDriver.close(RemoteWebDriver.java:487)
	at com.setup.BaseTest.tearDown(BaseTest.java:69)
	at com.app.SmokeTest.tearDown(SmokeTest.java:58)
	at sun.reflect.NativeMethodAccessorImpl.invoke0(Native Method)
	at sun.reflect.NativeMethodAccessorImpl.invoke(NativeMethodAccessorImpl.java:62)
	at sun.reflect.DelegatingMethodAccessorImpl.invoke(DelegatingMethodAccessorImpl.java:43)
	at java.lang.reflect.Method.invoke(Method.java:498)
	at org.testng.internal.MethodInvocationHelper.invokeMethod(MethodInvocationHelper.java:85)
	at org.testng.internal.Invoker.invokeConfigurationMethod(Invoker.java:552)
	at org.testng.internal.Invoker.invokeConfigurations(Invoker.java:215)
	at org.testng.internal.Invoker.invokeMethod(Invoker.java:769)
	at org.testng.internal.Invoker.invokeTestMethod(Invoker.java:882)
	at org.testng.internal.Invoker.invokeTestMethods(Invoker.java:1189)
	at org.testng.internal.TestMethodWorker.invokeTestMethods(TestMethodWorker.java:124)
	at org.testng.internal.TestMethodWorker.run(TestMethodWorker.java:108)
	at org.testng.TestRunner.privateRun(TestRunner.java:767)
	at org.testng.TestRunner.run(TestRunner.java:617)
	at org.testng.SuiteRunner.runTest(SuiteRunner.java:348)
	at org.testng.SuiteRunner.runSequentially(SuiteRunner.java:343)
	at org.testng.SuiteRunner.privateRun(SuiteRunner.java:305)
	at org.testng.SuiteRunner.run(SuiteRunner.java:254)
	at org.testng.SuiteRunnerWorker.runSuite(SuiteRunnerWorker.java:52)
	at org.testng.SuiteRunnerWorker.run(SuiteRunnerWorker.java:86)
	at org.testng.TestNG.runSuitesSequentially(TestNG.java:1224)
	at org.testng.TestNG.runSuitesLocally(TestNG.java:1149)
	at org.testng.TestNG.run(TestNG.java:1057)
	at org.testng.remote.AbstractRemoteTestNG.run(AbstractRemoteTestNG.java:115)
	at org.testng.remote.RemoteTestNG.initAndRun(RemoteTestNG.java:251)
	at org.testng.remote.RemoteTestNG.main(RemoteTestNG.java:77)
]]>
            </full-stacktrace>
          </exception> <!-- org.openqa.selenium.NoSuchSessionException -->
          <reporter-output>
          </reporter-output>
        </test-method> <!-- tearDown -->
        <test-method status="PASS" signature="springTestContextAfterTestMethod(java.lang.reflect.Method)[pri:0, instance:com.app.SmokeTest@c0c2f8d]" name="springTestContextAfterTestMethod" is-config="true" duration-ms="3" started-at="2022-02-14T03:31:06Z" finished-at="2022-02-14T03:31:06Z">
          <params>
            <param index="0">
              <value>
                <![CDATA[public void com.app.SmokeTest.searchSeleniumGoogle(java.util.HashMap)]]>
              </value>
            </param>
          </params>
          <reporter-output>
          </reporter-output>
        </test-method> <!-- springTestContextAfterTestMethod -->
        <test-method status="PASS" signature="springTestContextAfterTestClass()[pri:0, instance:com.app.SmokeTest@c0c2f8d]" name="springTestContextAfterTestClass" is-config="true" duration-ms="2" started-at="2022-02-14T03:31:06Z" finished-at="2022-02-14T03:31:06Z">
          <reporter-output>
          </reporter-output>
        </test-method> <!-- springTestContextAfterTestClass -->
        <test-method status="FAIL" signature="afterSuite()[pri:0, instance:com.app.SmokeTest@c0c2f8d]" name="afterSuite" is-config="true" duration-ms="0" started-at="2022-02-14T03:31:06Z" finished-at="2022-02-14T03:31:06Z">
          <exception class="java.lang.RuntimeException">
            <message>
              <![CDATA[Failed in sendEmail method  ]]>
            </message>
            <full-stacktrace>
              <![CDATA[java.lang.RuntimeException: Failed in sendEmail method  
	at com.util.MailUtil.sendEmail(MailUtil.java:96)
	at com.setup.BaseTest.afterSuite(BaseTest.java:54)
	at com.app.SmokeTest.afterSuite(SmokeTest.java:47)
	at sun.reflect.NativeMethodAccessorImpl.invoke0(Native Method)
	at sun.reflect.NativeMethodAccessorImpl.invoke(NativeMethodAccessorImpl.java:62)
	at sun.reflect.DelegatingMethodAccessorImpl.invoke(DelegatingMethodAccessorImpl.java:43)
	at java.lang.reflect.Method.invoke(Method.java:498)
	at org.testng.internal.MethodInvocationHelper.invokeMethod(MethodInvocationHelper.java:85)
	at org.testng.internal.Invoker.invokeConfigurationMethod(Invoker.java:552)
	at org.testng.internal.Invoker.invokeConfigurations(Invoker.java:215)
	at org.testng.internal.Invoker.invokeConfigurations(Invoker.java:140)
	at org.testng.SuiteRunner.privateRun(SuiteRunner.java:322)
	at org.testng.SuiteRunner.run(SuiteRunner.java:254)
	at org.testng.SuiteRunnerWorker.runSuite(SuiteRunnerWorker.java:52)
	at org.testng.SuiteRunnerWorker.run(SuiteRunnerWorker.java:86)
	at org.testng.TestNG.runSuitesSequentially(TestNG.java:1224)
	at org.testng.TestNG.runSuitesLocally(TestNG.java:1149)
	at org.testng.TestNG.run(TestNG.java:1057)
	at org.testng.remote.AbstractRemoteTestNG.run(AbstractRemoteTestNG.java:115)
	at org.testng.remote.RemoteTestNG.initAndRun(RemoteTestNG.java:251)
	at org.testng.remote.RemoteTestNG.main(RemoteTestNG.java:77)
Caused by: java.lang.RuntimeException: Failed in sendMailSetup method  
	at com.util.MailUtil.sendMailSetup(MailUtil.java:123)
	at com.util.MailUtil.sendEmail(MailUtil.java:80)
	... 20 more
Caused by: org.apache.commons.mail.EmailException: javax.mail.internet.AddressException: Illegal address in string ``''
	at org.apache.commons.mail.Email.createInternetAddress(Email.java:1974)
	at org.apache.commons.mail.Email.setFrom(Email.java:757)
	at org.apache.commons.mail.Email.setFrom(Email.java:740)
	at org.apache.commons.mail.Email.setFrom(Email.java:720)
	at com.util.MailUtil.sendMailSetup(MailUtil.java:118)
	... 21 more
Caused by: javax.mail.internet.AddressException: Illegal address in string ``''
	at javax.mail.internet.InternetAddress.<init>(InternetAddress.java:118)
	at org.apache.commons.mail.Email.createInternetAddress(Email.java:1949)
	... 25 more
]]>
            </full-stacktrace>
          </exception> <!-- java.lang.RuntimeException -->
          <reporter-output>
          </reporter-output>
        </test-method> <!-- afterSuite -->
      </class> <!-- com.app.SmokeTest -->
    </test> <!-- Default test -->
  </suite> <!-- Default suite -->
</testng-results>
